<?xml version="1.0" encoding="UTF-8"?>
<!-- Generated by org.testng.reporters.JUnitXMLReporter -->
<testsuite hostname="DELL" ignored="0" name="Default test" tests="3" failures="0" timestamp="12 Feb 2019 13:48:24 GMT" time="52.15" errors="0">
  <testcase name="Login" time="24.771" classname="veris_sandbox.AddingBulkMembers"/>
  <testcase name="OpeningMemberBook" time="9.941" classname="veris_sandbox.AddingBulkMembers"/>
  <testcase name="addBulkMembers" time="7.82" classname="veris_sandbox.AddingBulkMembers"/>
</testsuite> <!-- Default test -->
